Performing C SOURCE FILE Test CMAKE_HAVE_LIBC_PTHREAD failed with the following output:
Change Dir: /home/arden/Programming/orbis/build/CMakeFiles/CMakeTmp

Run Build Command(s):/sbin/make cmTC_d07f5/fast && /sbin/make -f CMakeFiles/cmTC_d07f5.dir/build.make CMakeFiles/cmTC_d07f5.dir/build
make[1]: Entering directory '/home/arden/Programming/orbis/build/CMakeFiles/CMakeTmp'
Building C object CMakeFiles/cmTC_d07f5.dir/src.c.o
/sbin/cc   -DCMAKE_HAVE_LIBC_PTHREAD   -o CMakeFiles/cmTC_d07f5.dir/src.c.o   -c /home/arden/Programming/orbis/build/CMakeFiles/CMakeTmp/src.c
Linking C executable cmTC_d07f5
/usr/bin/cmake -E cmake_link_script CMakeFiles/cmTC_d07f5.dir/link.txt --verbose=1
/sbin/cc  -DCMAKE_HAVE_LIBC_PTHREAD    -rdynamic CMakeFiles/cmTC_d07f5.dir/src.c.o  -o cmTC_d07f5 
/sbin/ld: CMakeFiles/cmTC_d07f5.dir/src.c.o: in function `main':
src.c:(.text+0x3e): undefined reference to `pthread_create'
/sbin/ld: src.c:(.text+0x4a): undefined reference to `pthread_detach'
/sbin/ld: src.c:(.text+0x5b): undefined reference to `pthread_join'
collect2: error: ld returned 1 exit status
make[1]: *** [CMakeFiles/cmTC_d07f5.dir/build.make:87: cmTC_d07f5] Error 1
make[1]: Leaving directory '/home/arden/Programming/orbis/build/CMakeFiles/CMakeTmp'
make: *** [Makefile:121: cmTC_d07f5/fast] Error 2


Source file was:
#include <pthread.h>

void* test_func(void* data)
{
  return data;
}

int main(void)
{
  pthread_t thread;
  pthread_create(&thread, NULL, test_func, NULL);
  pthread_detach(thread);
  pthread_join(thread, NULL);
  pthread_atfork(NULL, NULL, NULL);
  pthread_exit(NULL);

  return 0;
}

Determining if the function pthread_create exists in the pthreads failed with the following output:
Change Dir: /home/arden/Programming/orbis/build/CMakeFiles/CMakeTmp

Run Build Command(s):/sbin/make cmTC_8858c/fast && /sbin/make -f CMakeFiles/cmTC_8858c.dir/build.make CMakeFiles/cmTC_8858c.dir/build
make[1]: Entering directory '/home/arden/Programming/orbis/build/CMakeFiles/CMakeTmp'
Building C object CMakeFiles/cmTC_8858c.dir/CheckFunctionExists.c.o
/sbin/cc   -DCHECK_FUNCTION_EXISTS=pthread_create   -o CMakeFiles/cmTC_8858c.dir/CheckFunctionExists.c.o   -c /usr/share/cmake-3.16/Modules/CheckFunctionExists.c
Linking C executable cmTC_8858c
/usr/bin/cmake -E cmake_link_script CMakeFiles/cmTC_8858c.dir/link.txt --verbose=1
/sbin/cc  -DCHECK_FUNCTION_EXISTS=pthread_create    -rdynamic CMakeFiles/cmTC_8858c.dir/CheckFunctionExists.c.o  -o cmTC_8858c  -lpthreads 
/sbin/ld: cannot find -lpthreads
collect2: error: ld returned 1 exit status
make[1]: *** [CMakeFiles/cmTC_8858c.dir/build.make:87: cmTC_8858c] Error 1
make[1]: Leaving directory '/home/arden/Programming/orbis/build/CMakeFiles/CMakeTmp'
make: *** [Makefile:121: cmTC_8858c/fast] Error 2



Determining if the strtod_l exist failed with the following output:
Change Dir: /home/arden/Programming/orbis/build/CMakeFiles/CMakeTmp

Run Build Command(s):/sbin/make cmTC_99fbf/fast && /sbin/make -f CMakeFiles/cmTC_99fbf.dir/build.make CMakeFiles/cmTC_99fbf.dir/build
make[1]: Entering directory '/home/arden/Programming/orbis/build/CMakeFiles/CMakeTmp'
Building C object CMakeFiles/cmTC_99fbf.dir/CheckSymbolExists.c.o
/sbin/cc    -o CMakeFiles/cmTC_99fbf.dir/CheckSymbolExists.c.o   -c /home/arden/Programming/orbis/build/CMakeFiles/CMakeTmp/CheckSymbolExists.c
/home/arden/Programming/orbis/build/CMakeFiles/CMakeTmp/CheckSymbolExists.c: In function ‘main’:
/home/arden/Programming/orbis/build/CMakeFiles/CMakeTmp/CheckSymbolExists.c:8:19: error: ‘strtod_l’ undeclared (first use in this function); did you mean ‘strtoull’?
    8 |   return ((int*)(&strtod_l))[argc];
      |                   ^~~~~~~~
      |                   strtoull
/home/arden/Programming/orbis/build/CMakeFiles/CMakeTmp/CheckSymbolExists.c:8:19: note: each undeclared identifier is reported only once for each function it appears in
make[1]: *** [CMakeFiles/cmTC_99fbf.dir/build.make:66: CMakeFiles/cmTC_99fbf.dir/CheckSymbolExists.c.o] Error 1
make[1]: Leaving directory '/home/arden/Programming/orbis/build/CMakeFiles/CMakeTmp'
make: *** [Makefile:121: cmTC_99fbf/fast] Error 2


File /home/arden/Programming/orbis/build/CMakeFiles/CMakeTmp/CheckSymbolExists.c:
/* */
#include <stdlib.h>

int main(int argc, char** argv)
{
  (void)argv;
#ifndef strtod_l
  return ((int*)(&strtod_l))[argc];
#else
  (void)argc;
  return 0;
#endif
}
